c:\users\jaypa\desktop\coding\c++\chess\chesscpp\release\chesscpp.ipdb
c:\users\jaypa\desktop\coding\c++\chess\chesscpp\release\chesscpp.iobj
c:\users\jaypa\desktop\coding\c++\chess\chesscpp\chesscpp\release\vc142.pdb
c:\users\jaypa\desktop\coding\c++\chess\chesscpp\chesscpp\release\piece.obj
c:\users\jaypa\desktop\coding\c++\chess\chesscpp\chesscpp\release\movestack.obj
c:\users\jaypa\desktop\coding\c++\chess\chesscpp\chesscpp\release\move.obj
c:\users\jaypa\desktop\coding\c++\chess\chesscpp\chesscpp\release\minimax.obj
c:\users\jaypa\desktop\coding\c++\chess\chesscpp\chesscpp\release\main.obj
c:\users\jaypa\desktop\coding\c++\chess\chesscpp\chesscpp\release\index.obj
c:\users\jaypa\desktop\coding\c++\chess\chesscpp\chesscpp\release\charfunctions.obj
c:\users\jaypa\desktop\coding\c++\chess\chesscpp\chesscpp\release\board.obj
c:\users\jaypa\desktop\coding\c++\chess\chesscpp\release\chesscpp.exe
c:\users\jaypa\desktop\coding\c++\chess\chesscpp\release\chesscpp.pdb
c:\users\jaypa\desktop\coding\c++\chess\chesscpp\chesscpp\release\chesscpp.tlog\chesscpp.write.1u.tlog
c:\users\jaypa\desktop\coding\c++\chess\chesscpp\chesscpp\release\chesscpp.tlog\cl.command.1.tlog
c:\users\jaypa\desktop\coding\c++\chess\chesscpp\chesscpp\release\chesscpp.tlog\cl.read.1.tlog
c:\users\jaypa\desktop\coding\c++\chess\chesscpp\chesscpp\release\chesscpp.tlog\cl.write.1.tlog
c:\users\jaypa\desktop\coding\c++\chess\chesscpp\chesscpp\release\chesscpp.tlog\link.command.1.tlog
c:\users\jaypa\desktop\coding\c++\chess\chesscpp\chesscpp\release\chesscpp.tlog\link.read.1.tlog
c:\users\jaypa\desktop\coding\c++\chess\chesscpp\chesscpp\release\chesscpp.tlog\link.write.1.tlog
